[03:09:34] [main/INFO]: Setting user: Player745
[03:09:57] [Client thread/INFO]: LWJGL Version: 2.9.1
[03:10:03] [Client thread/ERROR]: Couldn't set pixel format
org.lwjgl.LWJGLException: Pixel format not accelerated
	at org.lwjgl.opengl.WindowsPeerInfo.nChoosePixelFormat(Native Method) ~[lwjgl-2.9.1.jar:?]
	at org.lwjgl.opengl.WindowsPeerInfo.choosePixelFormat(WindowsPeerInfo.java:52) ~[lwjgl-2.9.1.jar:?]
	at org.lwjgl.opengl.WindowsDisplay.createWindow(WindowsDisplay.java:252) ~[lwjgl-2.9.1.jar:?]
	at org.lwjgl.opengl.Display.createWindow(Display.java:306) ~[lwjgl-2.9.1.jar:?]
	at org.lwjgl.opengl.Display.create(Display.java:848) ~[lwjgl-2.9.1.jar:?]
	at org.lwjgl.opengl.Display.create(Display.java:757) ~[lwjgl-2.9.1.jar:?]
	at net.minecraftforge.client.ForgeHooksClient.createDisplay(ForgeHooksClient.java:327) ~[ForgeHooksClient.class:?]
	at net.minecraft.client.Minecraft.startGame(Minecraft.java:474) [Minecraft.class:?]
	at net.minecraft.client.Minecraft.run(Minecraft.java:931) [Minecraft.class:?]
	at net.minecraft.client.main.Main.main(Main.java:164) [Main.class:?]
	at sun.reflect.NativeMethodAccessorImpl.invoke0(Native Method) ~[?:1.7.0_67]
	at sun.reflect.NativeMethodAccessorImpl.invoke(NativeMethodAccessorImpl.java:57) ~[?:1.7.0_67]
	at sun.reflect.DelegatingMethodAccessorImpl.invoke(DelegatingMethodAccessorImpl.java:43) ~[?:1.7.0_67]
	at java.lang.reflect.Method.invoke(Method.java:606) ~[?:1.7.0_67]
	at net.minecraft.launchwrapper.Launch.launch(Launch.java:135) [launchwrapper-1.11.jar:?]
	at net.minecraft.launchwrapper.Launch.main(Launch.java:28) [launchwrapper-1.11.jar:?]
	at net.minecraftforge.gradle.GradleStartCommon.launch(GradleStartCommon.java:85) [start/:?]
	at GradleStart.main(GradleStart.java:45) [start/:?]
	at sun.reflect.NativeMethodAccessorImpl.invoke0(Native Method) ~[?:1.7.0_67]
	at sun.reflect.NativeMethodAccessorImpl.invoke(NativeMethodAccessorImpl.java:57) ~[?:1.7.0_67]
	at sun.reflect.DelegatingMethodAccessorImpl.invoke(DelegatingMethodAccessorImpl.java:43) ~[?:1.7.0_67]
	at java.lang.reflect.Method.invoke(Method.java:606) ~[?:1.7.0_67]
	at com.intellij.rt.execution.application.AppMain.main(AppMain.java:134) [idea_rt.jar:?]
